2023-08-08 17:09:46.934 [info] [perf] Render performance baseline is 42ms
2023-08-08 17:14:49.529 [warning] [backup tracker] suspended, ignoring dirty change event file:///home/sesclv/repos/odin-recipies/Recipies/lasagna.html 
2023-08-08 17:14:52.928 [info] [perf] Render performance baseline is 71ms
2023-08-08 17:15:23.083 [info] [perf] Render performance baseline is 28ms
2023-08-08 17:16:44.316 [info] Settings Sync: Updated current session a0d8e0d02a76b464
2023-08-08 17:29:53.873 [warning] [backup tracker] suspended, ignoring dirty change event file:///home/sesclv/NewRepo/.git/COMMIT_EDITMSG 
2023-08-08 17:29:53.890 [warning] [backup tracker] suspended, ignoring dirty change event file:///home/sesclv/NewRepo/test%20file%203 
2023-08-08 17:29:53.893 [warning] [backup tracker] suspended, ignoring dirty change event file:///home/sesclv/NewRepo/Test%20file%202.html 
2023-08-08 17:29:53.896 [warning] [backup tracker] suspended, ignoring dirty change event file:///home/sesclv/NewRepo/Test%20file%201 
2023-08-08 17:29:57.584 [info] [perf] Render performance baseline is 40ms
2023-08-08 17:33:16.979 [info] [perf] Render performance baseline is 27ms
2023-08-09 17:19:39.561 [info] [perf] Render performance baseline is 55ms
2023-08-09 17:20:15.853 [info] [perf] Render performance baseline is 29ms
2023-08-09 17:21:04.821 [error] An unknown error occurred. Please consult the log for more details.
2023-08-09 17:21:12.903 [error] An unknown error occurred. Please consult the log for more details.
2023-08-09 17:21:14.259 [error] An unknown error occurred. Please consult the log for more details.
2023-08-09 17:21:15.442 [error] An unknown error occurred. Please consult the log for more details.
2023-08-09 17:21:17.984 [error] An unknown error occurred. Please consult the log for more details.
2023-08-09 17:21:19.535 [error] An unknown error occurred. Please consult the log for more details.
2023-08-09 17:24:40.537 [error] An unknown error occurred. Please consult the log for more details.
2023-08-09 17:24:50.531 [error] An unknown error occurred. Please consult the log for more details.
2023-08-09 17:24:56.845 [error] An unknown error occurred. Please consult the log for more details.
2023-08-09 17:25:02.852 [error] An unknown error occurred. Please consult the log for more details.
2023-08-09 17:25:04.476 [error] An unknown error occurred. Please consult the log for more details.
2023-08-09 17:25:05.782 [error] An unknown error occurred. Please consult the log for more details.
2023-08-09 17:25:31.063 [error] An unknown error occurred. Please consult the log for more details.
2023-08-09 17:25:32.683 [error] An unknown error occurred. Please consult the log for more details.
2023-08-09 17:25:33.940 [error] An unknown error occurred. Please consult the log for more details.
2023-08-09 17:27:55.535 [error] An unknown error occurred. Please consult the log for more details.
2023-08-09 17:27:58.557 [error] An unknown error occurred. Please consult the log for more details.
2023-08-09 17:28:01.361 [error] An unknown error occurred. Please consult the log for more details.
2023-08-09 17:28:02.476 [error] An unknown error occurred. Please consult the log for more details.
2023-08-09 17:28:03.579 [error] An unknown error occurred. Please consult the log for more details.
2023-08-09 17:29:42.991 [error] An unknown error occurred. Please consult the log for more details.
2023-08-09 17:41:49.950 [error] An unknown error occurred. Please consult the log for more details.
2023-08-09 17:41:54.220 [error] An unknown error occurred. Please consult the log for more details.
2023-08-09 17:41:57.961 [error] An unknown error occurred. Please consult the log for more details.
2023-08-09 17:41:59.868 [error] An unknown error occurred. Please consult the log for more details.
2023-08-09 17:42:01.218 [error] An unknown error occurred. Please consult the log for more details.
2023-08-09 17:42:04.410 [error] An unknown error occurred. Please consult the log for more details.
2023-08-09 17:42:15.519 [error] An unknown error occurred. Please consult the log for more details.
2023-08-09 17:42:16.564 [error] An unknown error occurred. Please consult the log for more details.
2023-08-09 17:42:18.190 [error] An unknown error occurred. Please consult the log for more details.
2023-08-09 17:42:26.701 [error] An unknown error occurred. Please consult the log for more details.
2023-08-09 17:42:28.033 [error] An unknown error occurred. Please consult the log for more details.
2023-08-09 17:42:29.695 [error] An unknown error occurred. Please consult the log for more details.
2023-08-09 17:42:36.981 [error] An unknown error occurred. Please consult the log for more details.
2023-08-09 17:42:38.034 [error] An unknown error occurred. Please consult the log for more details.
2023-08-09 17:42:39.056 [error] An unknown error occurred. Please consult the log for more details.
2023-08-09 17:42:49.704 [error] An unknown error occurred. Please consult the log for more details.
2023-08-09 17:42:50.987 [error] An unknown error occurred. Please consult the log for more details.
2023-08-09 17:42:52.040 [error] An unknown error occurred. Please consult the log for more details.
2023-08-09 17:43:00.516 [error] An unknown error occurred. Please consult the log for more details.
2023-08-09 17:43:01.601 [error] An unknown error occurred. Please consult the log for more details.
2023-08-09 17:43:02.644 [error] An unknown error occurred. Please consult the log for more details.
2023-08-09 17:43:03.855 [error] An unknown error occurred. Please consult the log for more details.
2023-08-09 17:43:48.733 [error] An unknown error occurred. Please consult the log for more details.
2023-08-09 17:43:50.165 [error] An unknown error occurred. Please consult the log for more details.
2023-08-09 17:43:51.399 [error] An unknown error occurred. Please consult the log for more details.
2023-08-09 17:43:59.592 [error] An unknown error occurred. Please consult the log for more details.
2023-08-09 17:44:01.134 [error] An unknown error occurred. Please consult the log for more details.
2023-08-09 17:44:07.134 [error] An unknown error occurred. Please consult the log for more details.
2023-08-09 17:44:08.309 [error] An unknown error occurred. Please consult the log for more details.
2023-08-09 17:44:09.389 [error] An unknown error occurred. Please consult the log for more details.
2023-08-09 17:45:53.431 [error] An unknown error occurred. Please consult the log for more details.
2023-08-09 17:46:05.767 [error] An unknown error occurred. Please consult the log for more details.
2023-08-09 17:52:04.098 [error] An unknown error occurred. Please consult the log for more details.
2023-08-09 17:52:06.447 [error] An unknown error occurred. Please consult the log for more details.
2023-08-09 17:52:07.767 [error] An unknown error occurred. Please consult the log for more details.
2023-08-09 17:52:15.470 [error] An unknown error occurred. Please consult the log for more details.
2023-08-09 17:52:16.802 [error] An unknown error occurred. Please consult the log for more details.
2023-08-09 17:52:17.866 [error] An unknown error occurred. Please consult the log for more details.
2023-08-09 17:52:18.996 [error] An unknown error occurred. Please consult the log for more details.
2023-08-09 17:52:20.049 [error] An unknown error occurred. Please consult the log for more details.
2023-08-09 17:52:21.228 [error] An unknown error occurred. Please consult the log for more details.
2023-08-09 17:52:45.058 [error] An unknown error occurred. Please consult the log for more details.
2023-08-09 17:52:48.830 [error] An unknown error occurred. Please consult the log for more details.
2023-08-09 17:52:51.286 [error] An unknown error occurred. Please consult the log for more details.
2023-08-09 17:52:53.511 [error] An unknown error occurred. Please consult the log for more details.
2023-08-09 17:52:55.161 [error] An unknown error occurred. Please consult the log for more details.
2023-08-09 17:52:58.510 [error] An unknown error occurred. Please consult the log for more details.
2023-08-09 17:53:00.107 [error] An unknown error occurred. Please consult the log for more details.
2023-08-09 17:53:10.604 [error] An unknown error occurred. Please consult the log for more details.
2023-08-09 17:53:11.635 [error] An unknown error occurred. Please consult the log for more details.
2023-08-09 17:53:14.016 [error] An unknown error occurred. Please consult the log for more details.
2023-08-09 17:53:15.224 [error] An unknown error occurred. Please consult the log for more details.
2023-08-09 17:53:18.359 [error] An unknown error occurred. Please consult the log for more details.
2023-08-09 17:53:19.612 [error] An unknown error occurred. Please consult the log for more details.
2023-08-09 17:53:20.723 [error] An unknown error occurred. Please consult the log for more details.
2023-08-09 17:53:22.194 [error] An unknown error occurred. Please consult the log for more details.
2023-08-09 17:53:23.199 [error] An unknown error occurred. Please consult the log for more details.
2023-08-09 17:53:24.538 [error] An unknown error occurred. Please consult the log for more details.
2023-08-09 17:53:25.739 [error] An unknown error occurred. Please consult the log for more details.
2023-08-09 17:53:27.631 [error] An unknown error occurred. Please consult the log for more details.
2023-08-09 17:53:28.752 [error] An unknown error occurred. Please consult the log for more details.
2023-08-09 17:53:35.611 [error] An unknown error occurred. Please consult the log for more details.
2023-08-09 17:53:36.865 [error] An unknown error occurred. Please consult the log for more details.
2023-08-09 17:53:38.087 [error] An unknown error occurred. Please consult the log for more details.
2023-08-09 17:53:39.510 [error] An unknown error occurred. Please consult the log for more details.
2023-08-09 17:53:40.723 [error] An unknown error occurred. Please consult the log for more details.
2023-08-09 17:53:42.323 [error] An unknown error occurred. Please consult the log for more details.
2023-08-09 17:53:43.580 [error] An unknown error occurred. Please consult the log for more details.
2023-08-09 17:53:44.956 [error] An unknown error occurred. Please consult the log for more details.
2023-08-09 17:53:46.410 [error] An unknown error occurred. Please consult the log for more details.
2023-08-09 17:53:50.827 [error] An unknown error occurred. Please consult the log for more details.
2023-08-09 17:53:52.297 [error] An unknown error occurred. Please consult the log for more details.
2023-08-09 17:53:53.420 [error] An unknown error occurred. Please consult the log for more details.
2023-08-09 17:53:54.769 [error] An unknown error occurred. Please consult the log for more details.
2023-08-09 17:53:57.029 [error] An unknown error occurred. Please consult the log for more details.
2023-08-09 17:53:58.297 [error] An unknown error occurred. Please consult the log for more details.
2023-08-09 17:53:59.338 [error] An unknown error occurred. Please consult the log for more details.
2023-08-09 17:54:03.208 [error] An unknown error occurred. Please consult the log for more details.
2023-08-09 17:54:05.013 [error] An unknown error occurred. Please consult the log for more details.
2023-08-09 17:54:13.324 [error] An unknown error occurred. Please consult the log for more details.
2023-08-09 17:54:14.969 [error] An unknown error occurred. Please consult the log for more details.
2023-08-09 17:54:16.158 [error] An unknown error occurred. Please consult the log for more details.
2023-08-09 17:54:17.265 [error] An unknown error occurred. Please consult the log for more details.
2023-08-09 17:54:18.754 [error] An unknown error occurred. Please consult the log for more details.
2023-08-09 17:54:21.906 [error] An unknown error occurred. Please consult the log for more details.
2023-08-09 17:54:23.697 [error] An unknown error occurred. Please consult the log for more details.
2023-08-09 17:54:24.760 [error] An unknown error occurred. Please consult the log for more details.
2023-08-09 17:54:26.125 [error] An unknown error occurred. Please consult the log for more details.
2023-08-09 17:54:27.245 [error] An unknown error occurred. Please consult the log for more details.
2023-08-09 17:54:28.291 [error] An unknown error occurred. Please consult the log for more details.
2023-08-09 17:54:29.424 [error] An unknown error occurred. Please consult the log for more details.
2023-08-09 17:54:30.450 [error] An unknown error occurred. Please consult the log for more details.
2023-08-09 17:54:31.482 [error] An unknown error occurred. Please consult the log for more details.
2023-08-09 17:54:33.523 [error] An unknown error occurred. Please consult the log for more details.
2023-08-09 17:54:34.608 [error] An unknown error occurred. Please consult the log for more details.
2023-08-09 17:54:38.027 [error] An unknown error occurred. Please consult the log for more details.
2023-08-09 17:54:39.432 [error] An unknown error occurred. Please consult the log for more details.
2023-08-09 17:54:40.540 [error] An unknown error occurred. Please consult the log for more details.
2023-08-09 17:54:42.032 [error] An unknown error occurred. Please consult the log for more details.
2023-08-09 17:54:58.573 [error] An unknown error occurred. Please consult the log for more details.
2023-08-09 17:56:54.822 [error] An unknown error occurred. Please consult the log for more details.
2023-08-09 17:57:08.182 [error] An unknown error occurred. Please consult the log for more details.
2023-08-09 17:57:09.653 [error] An unknown error occurred. Please consult the log for more details.
2023-08-09 17:57:12.228 [error] An unknown error occurred. Please consult the log for more details.
2023-08-09 17:57:14.371 [error] An unknown error occurred. Please consult the log for more details.
2023-08-09 17:57:15.713 [error] An unknown error occurred. Please consult the log for more details.
2023-08-09 17:57:17.252 [error] An unknown error occurred. Please consult the log for more details.
2023-08-09 17:57:19.474 [error] An unknown error occurred. Please consult the log for more details.
2023-08-09 17:57:21.395 [error] An unknown error occurred. Please consult the log for more details.
2023-08-09 17:57:22.412 [error] An unknown error occurred. Please consult the log for more details.
2023-08-09 17:57:23.600 [error] An unknown error occurred. Please consult the log for more details.
2023-08-09 17:57:24.769 [error] An unknown error occurred. Please consult the log for more details.
2023-08-09 17:57:26.340 [error] An unknown error occurred. Please consult the log for more details.
2023-08-09 17:57:30.439 [error] An unknown error occurred. Please consult the log for more details.
2023-08-09 17:57:35.824 [error] An unknown error occurred. Please consult the log for more details.
2023-08-09 17:57:36.894 [error] An unknown error occurred. Please consult the log for more details.
2023-08-09 17:57:39.522 [error] An unknown error occurred. Please consult the log for more details.
2023-08-09 17:57:41.095 [error] An unknown error occurred. Please consult the log for more details.
2023-08-09 17:57:43.331 [error] An unknown error occurred. Please consult the log for more details.
2023-08-09 17:57:44.378 [error] An unknown error occurred. Please consult the log for more details.
2023-08-09 17:57:45.759 [error] An unknown error occurred. Please consult the log for more details.
2023-08-09 17:57:48.412 [error] An unknown error occurred. Please consult the log for more details.
2023-08-09 17:57:49.849 [error] An unknown error occurred. Please consult the log for more details.
2023-08-09 17:57:51.241 [error] An unknown error occurred. Please consult the log for more details.
2023-08-09 17:57:53.324 [error] An unknown error occurred. Please consult the log for more details.
2023-08-09 17:57:54.600 [error] An unknown error occurred. Please consult the log for more details.
2023-08-09 17:57:57.709 [error] An unknown error occurred. Please consult the log for more details.
2023-08-09 17:57:58.728 [error] An unknown error occurred. Please consult the log for more details.
2023-08-09 17:58:00.299 [error] An unknown error occurred. Please consult the log for more details.
2023-08-09 17:58:01.588 [error] An unknown error occurred. Please consult the log for more details.
2023-08-09 17:58:02.868 [error] An unknown error occurred. Please consult the log for more details.
2023-08-09 17:58:04.354 [error] An unknown error occurred. Please consult the log for more details.
2023-08-09 17:59:06.340 [error] An unknown error occurred. Please consult the log for more details.
2023-08-09 17:59:08.484 [error] An unknown error occurred. Please consult the log for more details.
2023-08-09 17:59:09.581 [error] An unknown error occurred. Please consult the log for more details.
2023-08-09 17:59:10.884 [error] An unknown error occurred. Please consult the log for more details.
2023-08-09 17:59:12.044 [error] An unknown error occurred. Please consult the log for more details.
2023-08-09 17:59:13.467 [error] An unknown error occurred. Please consult the log for more details.
2023-08-09 17:59:20.196 [error] An unknown error occurred. Please consult the log for more details.
2023-08-09 17:59:21.515 [error] An unknown error occurred. Please consult the log for more details.
2023-08-09 17:59:22.917 [error] An unknown error occurred. Please consult the log for more details.
2023-08-09 17:59:24.034 [error] An unknown error occurred. Please consult the log for more details.
2023-08-09 17:59:25.063 [error] An unknown error occurred. Please consult the log for more details.
2023-08-09 17:59:26.344 [error] An unknown error occurred. Please consult the log for more details.
2023-08-09 17:59:27.618 [error] An unknown error occurred. Please consult the log for more details.
2023-08-09 17:59:28.746 [error] An unknown error occurred. Please consult the log for more details.
2023-08-09 17:59:29.891 [error] An unknown error occurred. Please consult the log for more details.
2023-08-09 17:59:31.938 [error] An unknown error occurred. Please consult the log for more details.
2023-08-09 17:59:34.063 [error] An unknown error occurred. Please consult the log for more details.
2023-08-09 17:59:36.824 [error] An unknown error occurred. Please consult the log for more details.
2023-08-09 17:59:40.903 [error] An unknown error occurred. Please consult the log for more details.
2023-08-09 17:59:42.159 [error] An unknown error occurred. Please consult the log for more details.
2023-08-09 17:59:52.252 [error] An unknown error occurred. Please consult the log for more details.
2023-08-09 17:59:53.320 [error] An unknown error occurred. Please consult the log for more details.
2023-08-09 18:00:00.122 [error] An unknown error occurred. Please consult the log for more details.
2023-08-09 18:00:02.445 [error] An unknown error occurred. Please consult the log for more details.
2023-08-09 18:00:03.841 [error] An unknown error occurred. Please consult the log for more details.
2023-08-09 18:00:05.235 [error] An unknown error occurred. Please consult the log for more details.
2023-08-09 18:00:07.463 [error] An unknown error occurred. Please consult the log for more details.
2023-08-09 18:00:08.510 [error] An unknown error occurred. Please consult the log for more details.
2023-08-09 18:00:09.684 [error] An unknown error occurred. Please consult the log for more details.
2023-08-09 18:00:11.023 [error] An unknown error occurred. Please consult the log for more details.
2023-08-09 18:00:13.025 [error] An unknown error occurred. Please consult the log for more details.
2023-08-09 18:00:14.542 [error] An unknown error occurred. Please consult the log for more details.
2023-08-09 18:00:16.283 [error] An unknown error occurred. Please consult the log for more details.
2023-08-09 18:00:17.338 [error] An unknown error occurred. Please consult the log for more details.
2023-08-09 18:00:18.669 [error] An unknown error occurred. Please consult the log for more details.
2023-08-09 18:00:19.748 [error] An unknown error occurred. Please consult the log for more details.
2023-08-09 18:00:21.083 [error] An unknown error occurred. Please consult the log for more details.
2023-08-09 18:00:22.480 [error] An unknown error occurred. Please consult the log for more details.
2023-08-09 18:00:23.940 [error] An unknown error occurred. Please consult the log for more details.
2023-08-09 18:00:26.578 [error] An unknown error occurred. Please consult the log for more details.
2023-08-09 18:00:27.681 [error] An unknown error occurred. Please consult the log for more details.
2023-08-09 18:00:28.886 [error] An unknown error occurred. Please consult the log for more details.
2023-08-09 18:00:30.004 [error] An unknown error occurred. Please consult the log for more details.
2023-08-09 18:00:36.019 [error] An unknown error occurred. Please consult the log for more details.
2023-08-09 18:00:37.541 [error] An unknown error occurred. Please consult the log for more details.
2023-08-09 18:00:39.286 [error] An unknown error occurred. Please consult the log for more details.
2023-08-09 18:00:40.782 [error] An unknown error occurred. Please consult the log for more details.
2023-08-09 18:00:48.492 [error] An unknown error occurred. Please consult the log for more details.
2023-08-09 18:00:52.669 [error] An unknown error occurred. Please consult the log for more details.
2023-08-09 18:00:58.899 [error] An unknown error occurred. Please consult the log for more details.
2023-08-09 18:01:00.733 [error] An unknown error occurred. Please consult the log for more details.
2023-08-09 18:01:05.251 [error] An unknown error occurred. Please consult the log for more details.
2023-08-09 18:01:50.185 [error] An unknown error occurred. Please consult the log for more details.
2023-08-09 18:05:30.451 [error] An unknown error occurred. Please consult the log for more details.
2023-08-09 18:05:38.492 [error] An unknown error occurred. Please consult the log for more details.
2023-08-09 18:06:00.550 [error] An unknown error occurred. Please consult the log for more details.
2023-08-09 18:06:59.591 [error] An unknown error occurred. Please consult the log for more details.
2023-08-09 18:07:01.624 [error] An unknown error occurred. Please consult the log for more details.
2023-08-09 18:07:07.287 [error] An unknown error occurred. Please consult the log for more details.
2023-08-09 18:07:34.305 [error] An unknown error occurred. Please consult the log for more details.
2023-08-09 18:07:37.332 [error] An unknown error occurred. Please consult the log for more details.
2023-08-09 18:08:56.131 [error] An unknown error occurred. Please consult the log for more details.
2023-08-09 18:08:57.812 [error] An unknown error occurred. Please consult the log for more details.
2023-08-09 18:08:59.098 [error] An unknown error occurred. Please consult the log for more details.
2023-08-09 18:09:30.980 [error] An unknown error occurred. Please consult the log for more details.
2023-08-09 18:09:50.760 [error] An unknown error occurred. Please consult the log for more details.
2023-08-09 18:09:54.052 [error] An unknown error occurred. Please consult the log for more details.
2023-08-09 18:11:00.486 [error] An unknown error occurred. Please consult the log for more details.
2023-08-09 18:11:26.792 [error] An unknown error occurred. Please consult the log for more details.
2023-08-09 18:11:38.020 [error] An unknown error occurred. Please consult the log for more details.
2023-08-09 18:11:39.625 [error] An unknown error occurred. Please consult the log for more details.
2023-08-09 18:11:50.514 [error] An unknown error occurred. Please consult the log for more details.
2023-08-09 18:12:56.683 [error] An unknown error occurred. Please consult the log for more details.
2023-08-09 18:13:05.477 [error] An unknown error occurred. Please consult the log for more details.
2023-08-09 18:13:09.248 [error] An unknown error occurred. Please consult the log for more details.
2023-08-09 18:13:12.002 [error] An unknown error occurred. Please consult the log for more details.
2023-08-09 18:14:13.857 [error] An unknown error occurred. Please consult the log for more details.
2023-08-09 18:14:31.633 [error] An unknown error occurred. Please consult the log for more details.
2023-08-09 18:14:39.712 [error] An unknown error occurred. Please consult the log for more details.
2023-08-09 18:14:47.154 [error] An unknown error occurred. Please consult the log for more details.
2023-08-09 18:14:49.863 [error] An unknown error occurred. Please consult the log for more details.
2023-08-09 18:15:06.674 [error] An unknown error occurred. Please consult the log for more details.
2023-08-09 18:15:17.532 [error] An unknown error occurred. Please consult the log for more details.
2023-08-09 18:16:53.018 [error] An unknown error occurred. Please consult the log for more details.
2023-08-09 18:16:54.971 [error] An unknown error occurred. Please consult the log for more details.
2023-08-09 18:16:59.000 [error] An unknown error occurred. Please consult the log for more details.
2023-08-09 18:17:00.206 [error] An unknown error occurred. Please consult the log for more details.
2023-08-09 18:17:02.457 [error] An unknown error occurred. Please consult the log for more details.
2023-08-09 18:17:03.646 [error] An unknown error occurred. Please consult the log for more details.
2023-08-09 18:17:04.684 [error] An unknown error occurred. Please consult the log for more details.
2023-08-09 18:17:05.873 [error] An unknown error occurred. Please consult the log for more details.
2023-08-09 18:17:11.952 [error] An unknown error occurred. Please consult the log for more details.
2023-08-09 18:17:13.066 [error] An unknown error occurred. Please consult the log for more details.
2023-08-09 18:17:14.526 [error] An unknown error occurred. Please consult the log for more details.
2023-08-09 18:17:33.805 [error] An unknown error occurred. Please consult the log for more details.
2023-08-09 18:17:35.151 [error] An unknown error occurred. Please consult the log for more details.
2023-08-09 18:17:38.896 [error] An unknown error occurred. Please consult the log for more details.
2023-08-09 18:17:40.105 [error] An unknown error occurred. Please consult the log for more details.
2023-08-09 18:17:41.316 [error] An unknown error occurred. Please consult the log for more details.
2023-08-09 18:17:42.458 [error] An unknown error occurred. Please consult the log for more details.
2023-08-09 18:17:48.565 [error] An unknown error occurred. Please consult the log for more details.
2023-08-09 18:17:49.576 [error] An unknown error occurred. Please consult the log for more details.
2023-08-09 18:17:50.676 [error] An unknown error occurred. Please consult the log for more details.
2023-08-09 18:17:52.180 [error] An unknown error occurred. Please consult the log for more details.
2023-08-09 18:17:53.218 [error] An unknown error occurred. Please consult the log for more details.
2023-08-09 18:17:54.231 [error] An unknown error occurred. Please consult the log for more details.
2023-08-09 18:17:55.335 [error] An unknown error occurred. Please consult the log for more details.
2023-08-09 18:17:56.541 [error] An unknown error occurred. Please consult the log for more details.
2023-08-09 18:18:00.203 [error] An unknown error occurred. Please consult the log for more details.
2023-08-09 18:18:01.574 [error] An unknown error occurred. Please consult the log for more details.
2023-08-09 18:18:02.688 [error] An unknown error occurred. Please consult the log for more details.
2023-08-09 18:18:06.098 [error] An unknown error occurred. Please consult the log for more details.
2023-08-09 18:18:09.601 [error] An unknown error occurred. Please consult the log for more details.
2023-08-09 18:18:11.088 [error] An unknown error occurred. Please consult the log for more details.
2023-08-09 18:18:12.424 [error] An unknown error occurred. Please consult the log for more details.
2023-08-09 18:18:25.697 [error] An unknown error occurred. Please consult the log for more details.
2023-08-09 18:18:26.855 [error] An unknown error occurred. Please consult the log for more details.
2023-08-09 18:18:29.084 [error] An unknown error occurred. Please consult the log for more details.
2023-08-09 18:18:30.311 [error] An unknown error occurred. Please consult the log for more details.
2023-08-09 18:18:31.637 [error] An unknown error occurred. Please consult the log for more details.
2023-08-09 18:18:33.363 [error] An unknown error occurred. Please consult the log for more details.
2023-08-09 18:18:34.785 [error] An unknown error occurred. Please consult the log for more details.
2023-08-09 18:18:36.008 [error] An unknown error occurred. Please consult the log for more details.
2023-08-09 18:18:37.112 [error] An unknown error occurred. Please consult the log for more details.
2023-08-09 18:18:38.192 [error] An unknown error occurred. Please consult the log for more details.
2023-08-09 18:18:39.478 [error] An unknown error occurred. Please consult the log for more details.
2023-08-09 18:18:40.550 [error] An unknown error occurred. Please consult the log for more details.
2023-08-09 18:18:41.679 [error] An unknown error occurred. Please consult the log for more details.
2023-08-09 18:18:42.740 [error] An unknown error occurred. Please consult the log for more details.
2023-08-09 18:18:46.027 [error] An unknown error occurred. Please consult the log for more details.
2023-08-09 18:18:47.137 [error] An unknown error occurred. Please consult the log for more details.
2023-08-09 18:18:48.612 [error] An unknown error occurred. Please consult the log for more details.
2023-08-09 18:19:01.877 [error] An unknown error occurred. Please consult the log for more details.
2023-08-09 18:19:02.955 [error] An unknown error occurred. Please consult the log for more details.
2023-08-09 18:19:05.288 [error] An unknown error occurred. Please consult the log for more details.
2023-08-09 18:19:06.673 [error] An unknown error occurred. Please consult the log for more details.
2023-08-09 18:19:11.663 [error] An unknown error occurred. Please consult the log for more details.
2023-08-09 18:19:21.986 [error] An unknown error occurred. Please consult the log for more details.
2023-08-09 18:19:23.021 [error] An unknown error occurred. Please consult the log for more details.
2023-08-09 18:19:24.760 [error] An unknown error occurred. Please consult the log for more details.
2023-08-09 18:19:25.843 [error] An unknown error occurred. Please consult the log for more details.
2023-08-09 18:22:54.550 [error] An unknown error occurred. Please consult the log for more details.
2023-08-09 18:23:00.827 [error] An unknown error occurred. Please consult the log for more details.
2023-08-09 18:23:04.029 [error] An unknown error occurred. Please consult the log for more details.
2023-08-09 18:23:09.015 [error] An unknown error occurred. Please consult the log for more details.
2023-08-09 18:23:19.642 [error] An unknown error occurred. Please consult the log for more details.
2023-08-09 18:23:20.781 [error] An unknown error occurred. Please consult the log for more details.
2023-08-09 18:23:26.518 [error] An unknown error occurred. Please consult the log for more details.
2023-08-09 18:23:27.692 [error] An unknown error occurred. Please consult the log for more details.
2023-08-09 18:23:48.616 [error] An unknown error occurred. Please consult the log for more details.
2023-08-09 18:23:52.389 [error] An unknown error occurred. Please consult the log for more details.
2023-08-09 18:24:02.665 [error] An unknown error occurred. Please consult the log for more details.
2023-08-09 18:24:03.772 [error] An unknown error occurred. Please consult the log for more details.
2023-08-09 18:24:11.256 [error] An unknown error occurred. Please consult the log for more details.
2023-08-09 18:24:13.621 [error] An unknown error occurred. Please consult the log for more details.
2023-08-09 18:24:16.983 [error] An unknown error occurred. Please consult the log for more details.
2023-08-09 18:24:24.249 [error] An unknown error occurred. Please consult the log for more details.
2023-08-09 18:24:25.858 [error] An unknown error occurred. Please consult the log for more details.
2023-08-09 18:24:27.750 [error] An unknown error occurred. Please consult the log for more details.
2023-08-09 18:24:28.793 [error] An unknown error occurred. Please consult the log for more details.
2023-08-09 18:24:30.094 [error] An unknown error occurred. Please consult the log for more details.
2023-08-09 18:24:45.130 [error] An unknown error occurred. Please consult the log for more details.
2023-08-09 18:24:46.323 [error] An unknown error occurred. Please consult the log for more details.
2023-08-09 18:24:47.441 [error] An unknown error occurred. Please consult the log for more details.
2023-08-09 18:25:02.627 [error] An unknown error occurred. Please consult the log for more details.
2023-08-09 18:25:04.579 [error] An unknown error occurred. Please consult the log for more details.
2023-08-09 18:25:06.034 [error] An unknown error occurred. Please consult the log for more details.
2023-08-09 18:25:07.476 [error] An unknown error occurred. Please consult the log for more details.
2023-08-09 18:25:09.267 [error] An unknown error occurred. Please consult the log for more details.
2023-08-09 18:25:10.913 [error] An unknown error occurred. Please consult the log for more details.
2023-08-09 18:25:12.515 [error] An unknown error occurred. Please consult the log for more details.
2023-08-09 18:25:14.472 [error] An unknown error occurred. Please consult the log for more details.
2023-08-09 18:25:15.680 [error] An unknown error occurred. Please consult the log for more details.
2023-08-09 18:25:18.397 [error] An unknown error occurred. Please consult the log for more details.
2023-08-09 18:25:19.779 [error] An unknown error occurred. Please consult the log for more details.
2023-08-09 18:25:21.155 [error] An unknown error occurred. Please consult the log for more details.
2023-08-09 18:25:22.398 [error] An unknown error occurred. Please consult the log for more details.
2023-08-09 18:25:24.351 [error] An unknown error occurred. Please consult the log for more details.
2023-08-09 18:25:25.820 [error] An unknown error occurred. Please consult the log for more details.
2023-08-09 18:25:26.965 [error] An unknown error occurred. Please consult the log for more details.
2023-08-09 18:25:28.178 [error] An unknown error occurred. Please consult the log for more details.
2023-08-09 18:25:29.752 [error] An unknown error occurred. Please consult the log for more details.
2023-08-09 18:25:54.162 [error] An unknown error occurred. Please consult the log for more details.
2023-08-09 18:25:57.019 [error] An unknown error occurred. Please consult the log for more details.
2023-08-09 18:26:51.878 [error] An unknown error occurred. Please consult the log for more details.
2023-08-09 18:27:06.516 [error] An unknown error occurred. Please consult the log for more details.
2023-08-09 18:27:27.028 [error] An unknown error occurred. Please consult the log for more details.
2023-08-09 18:27:34.662 [error] An unknown error occurred. Please consult the log for more details.
2023-08-09 18:31:22.763 [error] An unknown error occurred. Please consult the log for more details.
2023-08-09 18:31:24.021 [error] An unknown error occurred. Please consult the log for more details.
2023-08-09 18:31:25.667 [error] An unknown error occurred. Please consult the log for more details.
2023-08-09 18:31:34.435 [error] An unknown error occurred. Please consult the log for more details.
2023-08-09 18:31:35.482 [error] An unknown error occurred. Please consult the log for more details.
2023-08-09 18:31:40.881 [error] An unknown error occurred. Please consult the log for more details.
2023-08-09 18:31:43.122 [error] An unknown error occurred. Please consult the log for more details.
2023-08-09 18:32:53.263 [error] An unknown error occurred. Please consult the log for more details.
2023-08-09 18:32:54.429 [error] An unknown error occurred. Please consult the log for more details.
2023-08-09 18:32:59.725 [error] An unknown error occurred. Please consult the log for more details.
2023-08-09 18:33:11.663 [error] An unknown error occurred. Please consult the log for more details.
2023-08-09 18:33:12.811 [error] An unknown error occurred. Please consult the log for more details.
2023-08-09 18:33:14.042 [error] An unknown error occurred. Please consult the log for more details.
2023-08-09 18:33:43.543 [error] An unknown error occurred. Please consult the log for more details.
2023-08-09 18:33:44.718 [error] An unknown error occurred. Please consult the log for more details.
2023-08-09 18:33:46.246 [error] An unknown error occurred. Please consult the log for more details.
2023-08-09 18:33:47.312 [error] An unknown error occurred. Please consult the log for more details.
2023-08-09 18:33:49.515 [error] An unknown error occurred. Please consult the log for more details.
2023-08-09 18:33:52.079 [error] An unknown error occurred. Please consult the log for more details.
2023-08-09 18:33:53.103 [error] An unknown error occurred. Please consult the log for more details.
2023-08-09 18:33:54.156 [error] An unknown error occurred. Please consult the log for more details.
2023-08-09 18:33:57.810 [error] An unknown error occurred. Please consult the log for more details.
2023-08-09 18:33:59.418 [error] An unknown error occurred. Please consult the log for more details.
2023-08-09 18:34:00.516 [error] An unknown error occurred. Please consult the log for more details.
2023-08-09 18:34:02.050 [error] An unknown error occurred. Please consult the log for more details.
2023-08-09 18:34:03.182 [error] An unknown error occurred. Please consult the log for more details.
2023-08-09 18:34:04.387 [error] An unknown error occurred. Please consult the log for more details.
2023-08-09 18:34:06.124 [error] An unknown error occurred. Please consult the log for more details.
2023-08-09 18:34:07.567 [error] An unknown error occurred. Please consult the log for more details.
2023-08-09 18:34:09.074 [error] An unknown error occurred. Please consult the log for more details.
2023-08-09 18:34:10.113 [error] An unknown error occurred. Please consult the log for more details.
2023-08-09 18:34:29.613 [error] An unknown error occurred. Please consult the log for more details.
2023-08-09 18:34:44.950 [error] An unknown error occurred. Please consult the log for more details.
2023-08-09 18:34:56.519 [error] An unknown error occurred. Please consult the log for more details.
2023-08-09 18:35:03.417 [error] An unknown error occurred. Please consult the log for more details.
2023-08-09 18:35:11.184 [error] An unknown error occurred. Please consult the log for more details.
2023-08-09 18:36:45.608 [error] An unknown error occurred. Please consult the log for more details.
2023-08-09 18:36:46.967 [error] An unknown error occurred. Please consult the log for more details.
2023-08-09 18:36:52.007 [error] An unknown error occurred. Please consult the log for more details.
2023-08-09 18:36:56.374 [error] An unknown error occurred. Please consult the log for more details.
2023-08-09 18:36:57.733 [error] An unknown error occurred. Please consult the log for more details.
