2023-08-08 17:09:44.145 [info] Added views:workbench.panel.markers.view in workbench.panel.markers
2023-08-08 17:09:44.145 [info] Added views:workbench.panel.output in workbench.panel.output
2023-08-08 17:09:44.145 [info] Added views:terminal in terminal
2023-08-08 17:09:44.145 [info] Added views:outline in workbench.view.explorer
2023-08-08 17:09:44.145 [info] Added views:workbench.scm in workbench.view.scm
2023-08-08 17:09:44.145 [info] Added views:workbench.view.search in workbench.view.search
2023-08-08 17:09:44.145 [info] Added views:timeline in workbench.view.explorer
2023-08-08 17:09:44.145 [info] Added views:workbench.explorer.fileView in workbench.view.explorer
2023-08-08 17:09:44.672 [info] Added views:workbench.debug.variablesView,workbench.debug.watchExpressionsView,workbench.debug.callStackView,workbench.debug.breakPointsView in workbench.view.debug
2023-08-08 17:09:44.708 [info] Added views:workbench.panel.repl.view in workbench.panel.repl
2023-08-08 17:14:50.099 [info] Added views:workbench.panel.markers.view in workbench.panel.markers
2023-08-08 17:14:50.099 [info] Added views:workbench.panel.output in workbench.panel.output
2023-08-08 17:14:50.099 [info] Added views:terminal in terminal
2023-08-08 17:14:50.099 [info] Added views:outline in workbench.view.explorer
2023-08-08 17:14:50.099 [info] Added views:workbench.scm in workbench.view.scm
2023-08-08 17:14:50.099 [info] Added views:workbench.view.search in workbench.view.search
2023-08-08 17:14:50.099 [info] Added views:timeline in workbench.view.explorer
2023-08-08 17:14:50.099 [info] Added views:workbench.explorer.emptyView in workbench.view.explorer
2023-08-08 17:14:50.467 [info] Added views:workbench.debug.variablesView,workbench.debug.watchExpressionsView,workbench.debug.callStackView,workbench.debug.breakPointsView in workbench.view.debug
2023-08-08 17:14:50.756 [info] Added views:workbench.panel.repl.view in workbench.panel.repl
2023-08-08 17:14:50.761 [info] Removed views:workbench.debug.breakPointsView,workbench.debug.callStackView,workbench.debug.watchExpressionsView,workbench.debug.variablesView from workbench.view.debug
2023-08-08 17:14:50.762 [info] Added views:workbench.debug.welcome in workbench.view.debug
2023-08-08 17:15:20.351 [info] Added views:workbench.panel.markers.view in workbench.panel.markers
2023-08-08 17:15:20.351 [info] Added views:workbench.panel.output in workbench.panel.output
2023-08-08 17:15:20.351 [info] Added views:terminal in terminal
2023-08-08 17:15:20.351 [info] Added views:outline in workbench.view.explorer
2023-08-08 17:15:20.351 [info] Added views:workbench.scm in workbench.view.scm
2023-08-08 17:15:20.351 [info] Added views:workbench.view.search in workbench.view.search
2023-08-08 17:15:20.351 [info] Added views:timeline in workbench.view.explorer
2023-08-08 17:15:20.351 [info] Added views:workbench.explorer.fileView in workbench.view.explorer
2023-08-08 17:15:20.621 [info] Added views:workbench.debug.variablesView,workbench.debug.watchExpressionsView,workbench.debug.callStackView,workbench.debug.breakPointsView in workbench.view.debug
2023-08-08 17:15:20.874 [info] Added views:workbench.panel.repl.view in workbench.panel.repl
2023-08-08 17:15:20.875 [info] Removed views:workbench.debug.breakPointsView,workbench.debug.callStackView,workbench.debug.watchExpressionsView,workbench.debug.variablesView from workbench.view.debug
2023-08-08 17:15:20.875 [info] Added views:workbench.debug.welcome in workbench.view.debug
2023-08-08 17:29:54.628 [info] Added views:workbench.panel.markers.view in workbench.panel.markers
2023-08-08 17:29:54.628 [info] Added views:workbench.panel.output in workbench.panel.output
2023-08-08 17:29:54.628 [info] Added views:terminal in terminal
2023-08-08 17:29:54.628 [info] Added views:workbench.scm in workbench.view.scm
2023-08-08 17:29:54.628 [info] Added views:workbench.view.search in workbench.view.search
2023-08-08 17:29:54.628 [info] Added views:outline in workbench.view.explorer
2023-08-08 17:29:54.628 [info] Added views:timeline in workbench.view.explorer
2023-08-08 17:29:54.628 [info] Added views:workbench.explorer.emptyView in workbench.view.explorer
2023-08-08 17:29:55.001 [info] Added views:workbench.debug.variablesView,workbench.debug.watchExpressionsView,workbench.debug.callStackView,workbench.debug.breakPointsView in workbench.view.debug
2023-08-08 17:29:55.261 [info] Added views:workbench.panel.repl.view in workbench.panel.repl
2023-08-08 17:29:55.263 [info] Removed views:workbench.debug.breakPointsView,workbench.debug.callStackView,workbench.debug.watchExpressionsView,workbench.debug.variablesView from workbench.view.debug
2023-08-08 17:29:55.264 [info] Added views:workbench.debug.welcome in workbench.view.debug
2023-08-08 17:33:14.003 [info] Added views:workbench.panel.markers.view in workbench.panel.markers
2023-08-08 17:33:14.003 [info] Added views:workbench.panel.output in workbench.panel.output
2023-08-08 17:33:14.003 [info] Added views:terminal in terminal
2023-08-08 17:33:14.003 [info] Added views:outline in workbench.view.explorer
2023-08-08 17:33:14.003 [info] Added views:workbench.scm in workbench.view.scm
2023-08-08 17:33:14.003 [info] Added views:workbench.view.search in workbench.view.search
2023-08-08 17:33:14.003 [info] Added views:timeline in workbench.view.explorer
2023-08-08 17:33:14.003 [info] Added views:workbench.explorer.fileView in workbench.view.explorer
2023-08-08 17:33:14.379 [info] Added views:workbench.debug.variablesView,workbench.debug.watchExpressionsView,workbench.debug.callStackView,workbench.debug.breakPointsView in workbench.view.debug
2023-08-08 17:33:14.625 [info] Added views:workbench.panel.repl.view in workbench.panel.repl
2023-08-08 17:34:40.983 [info] Added views:workbench.views.extensions.installed,workbench.views.extensions.popular,extensions.recommendedList in workbench.view.extensions
2023-08-08 17:34:40.987 [info] Removed views:workbench.views.extensions.popular from workbench.view.extensions
2023-08-08 17:38:28.705 [info] Removed views:extensions.recommendedList,workbench.views.extensions.installed from workbench.view.extensions
2023-08-08 17:38:28.725 [info] Added views:workbench.views.extensions.marketplace in workbench.view.extensions
2023-08-08 18:13:35.554 [info] Removed views:workbench.views.extensions.marketplace from workbench.view.extensions
2023-08-08 18:13:35.578 [info] Added views:workbench.views.extensions.installed,extensions.recommendedList in workbench.view.extensions
2023-08-08 18:13:36.959 [info] Removed views:extensions.recommendedList,workbench.views.extensions.installed from workbench.view.extensions
2023-08-08 18:13:36.998 [info] Added views:workbench.views.extensions.marketplace in workbench.view.extensions
2023-08-09 17:19:36.777 [info] Added views:workbench.panel.markers.view in workbench.panel.markers
2023-08-09 17:19:36.777 [info] Added views:workbench.panel.output in workbench.panel.output
2023-08-09 17:19:36.777 [info] Added views:terminal in terminal
2023-08-09 17:19:36.777 [info] Added views:outline in workbench.view.explorer
2023-08-09 17:19:36.777 [info] Added views:workbench.scm in workbench.view.scm
2023-08-09 17:19:36.777 [info] Added views:workbench.view.search in workbench.view.search
2023-08-09 17:19:36.777 [info] Added views:timeline in workbench.view.explorer
2023-08-09 17:19:36.777 [info] Added views:workbench.explorer.emptyView in workbench.view.explorer
2023-08-09 17:19:37.165 [info] Added views:workbench.debug.variablesView,workbench.debug.watchExpressionsView,workbench.debug.callStackView,workbench.debug.breakPointsView in workbench.view.debug
2023-08-09 17:19:37.294 [info] Added views:workbench.panel.repl.view in workbench.panel.repl
2023-08-09 17:19:37.295 [info] Removed views:workbench.debug.breakPointsView,workbench.debug.callStackView,workbench.debug.watchExpressionsView,workbench.debug.variablesView from workbench.view.debug
2023-08-09 17:19:37.298 [info] Added views:workbench.debug.welcome in workbench.view.debug
2023-08-09 17:20:13.112 [info] Added views:workbench.panel.markers.view in workbench.panel.markers
2023-08-09 17:20:13.112 [info] Added views:workbench.panel.output in workbench.panel.output
2023-08-09 17:20:13.112 [info] Added views:terminal in terminal
2023-08-09 17:20:13.112 [info] Added views:outline in workbench.view.explorer
2023-08-09 17:20:13.112 [info] Added views:workbench.scm in workbench.view.scm
2023-08-09 17:20:13.112 [info] Added views:workbench.view.search in workbench.view.search
2023-08-09 17:20:13.112 [info] Added views:timeline in workbench.view.explorer
2023-08-09 17:20:13.112 [info] Added views:workbench.explorer.fileView in workbench.view.explorer
2023-08-09 17:20:13.467 [info] Added views:workbench.debug.variablesView,workbench.debug.watchExpressionsView,workbench.debug.callStackView,workbench.debug.breakPointsView in workbench.view.debug
2023-08-09 17:20:13.667 [info] Added views:workbench.panel.repl.view in workbench.panel.repl
2023-08-09 17:20:13.671 [info] Removed views:workbench.debug.breakPointsView,workbench.debug.callStackView,workbench.debug.watchExpressionsView,workbench.debug.variablesView from workbench.view.debug
2023-08-09 17:20:13.671 [info] Added views:workbench.debug.welcome in workbench.view.debug
