2023-08-08 17:38:45.369 [info] Getting Manifest... ms-vscode.live-server
2023-08-08 17:38:45.382 [info] Installing extension: ms-vscode.live-server
2023-08-08 17:38:46.556 [info] Extension signature is verified: ms-vscode.live-server
2023-08-08 17:38:46.647 [info] Extracted extension to file:///home/sesclv/.vscode/extensions/ms-vscode.live-server-0.4.9: ms-vscode.live-server
2023-08-08 17:38:46.661 [info] Renamed to /home/sesclv/.vscode/extensions/ms-vscode.live-server-0.4.9
2023-08-08 17:38:46.662 [info] Extracting extension completed. ms-vscode.live-server
2023-08-08 17:38:46.675 [info] Extension installed successfully: ms-vscode.live-server
2023-08-08 18:14:02.817 [info] Getting Manifest... ecmel.vscode-html-css
2023-08-08 18:14:02.825 [info] Installing extension: ecmel.vscode-html-css
2023-08-08 18:14:03.914 [info] Extension signature is verified: ecmel.vscode-html-css
2023-08-08 18:14:03.932 [info] Extracted extension to file:///home/sesclv/.vscode/extensions/ecmel.vscode-html-css-1.13.1: ecmel.vscode-html-css
2023-08-08 18:14:03.942 [info] Renamed to /home/sesclv/.vscode/extensions/ecmel.vscode-html-css-1.13.1
2023-08-08 18:14:03.944 [info] Extracting extension completed. ecmel.vscode-html-css
2023-08-08 18:14:03.954 [info] Extension installed successfully: ecmel.vscode-html-css
2023-08-09 15:32:18.929 [error] [uncaught exception in sharedProcess]: net::ERR_NETWORK_CHANGED: Error: net::ERR_NETWORK_CHANGED
    at SimpleURLLoaderWrapper.<anonymous> (node:electron/js2c/browser_init:2:49312)
    at SimpleURLLoaderWrapper.emit (node:events:513:28)
2023-08-09 17:03:03.862 [error] [uncaught exception in sharedProcess]: net::ERR_NETWORK_CHANGED: Error: net::ERR_NETWORK_CHANGED
    at SimpleURLLoaderWrapper.<anonymous> (node:electron/js2c/browser_init:2:49312)
    at SimpleURLLoaderWrapper.emit (node:events:513:28)
