2023-08-06 20:33:43.519 [info] Log level: Info
2023-08-06 20:33:43.519 [info] Validating found git in: "git"
2023-08-06 20:33:43.519 [info] Using git "2.30.2" from "git"
2023-08-07 17:13:36.553 [info] > git rev-parse --show-toplevel [1ms]
2023-08-07 17:14:40.881 [info] Log level: Info
2023-08-07 17:14:40.881 [info] Validating found git in: "git"
2023-08-07 17:14:40.881 [info] Using git "2.30.2" from "git"
2023-08-07 17:14:40.881 [info] > git rev-parse --show-toplevel [4ms]
2023-08-07 17:14:40.889 [info] > git rev-parse --git-dir --git-common-dir [1ms]
2023-08-07 17:14:40.897 [info] Open repository: /home/sesclv/repos/odin-recipies
2023-08-07 17:14:40.909 [info] > git config --get commit.template [1ms]
2023-08-07 17:14:40.915 [info] > git for-each-ref --format=%(refname)%00%(upstream:short)%00%(objectname)%00%(upstream:track)%00%(upstream:remotename)%00%(upstream:remoteref) refs/heads/master refs/remotes/master [1ms]
2023-08-07 17:14:40.919 [info] > git status -z -uall [1ms]
2023-08-07 17:14:40.927 [info] > git config --get commit.template [1ms]
2023-08-07 17:14:40.931 [info] > git for-each-ref --format=%(refname)%00%(upstream:short)%00%(objectname)%00%(upstream:track)%00%(upstream:remotename)%00%(upstream:remoteref) refs/heads/master refs/remotes/master [1ms]
2023-08-07 17:14:40.935 [info] > git status -z -uall [1ms]
2023-08-07 17:15:03.719 [info] > git show --textconv :index.html [25ms]
2023-08-07 17:15:03.722 [info] > git ls-files --stage -- /home/sesclv/repos/odin-recipies/index.html [4ms]
2023-08-07 17:15:03.906 [info] > git check-ignore -v -z --stdin [1ms]
2023-08-07 17:15:04.411 [info] > git config --get commit.template [2ms]
2023-08-07 17:15:04.418 [info] > git for-each-ref --format=%(refname)%00%(upstream:short)%00%(objectname)%00%(upstream:track)%00%(upstream:remotename)%00%(upstream:remoteref) refs/heads/master refs/remotes/master [1ms]
2023-08-07 17:15:04.424 [info] > git status -z -uall [1ms]
2023-08-07 17:18:28.350 [info] > git check-ignore -v -z --stdin [2ms]
2023-08-07 17:18:28.926 [info] > git config --get commit.template [6ms]
2023-08-07 17:18:28.926 [info] > git for-each-ref --format=%(refname)%00%(upstream:short)%00%(objectname)%00%(upstream:track)%00%(upstream:remotename)%00%(upstream:remoteref) refs/heads/master refs/remotes/master [2ms]
2023-08-07 17:18:28.930 [info] > git status -z -uall [1ms]
2023-08-07 17:19:07.623 [info] > git show --textconv :Recipies/lasagna.html [8ms]
2023-08-07 17:19:07.625 [info] > git ls-files --stage -- /home/sesclv/repos/odin-recipies/Recipies/lasagna.html [3ms]
2023-08-07 17:19:07.875 [info] > git check-ignore -v -z --stdin [2ms]
2023-08-07 17:19:08.383 [info] > git config --get commit.template [7ms]
2023-08-07 17:19:08.383 [info] > git for-each-ref --format=%(refname)%00%(upstream:short)%00%(objectname)%00%(upstream:track)%00%(upstream:remotename)%00%(upstream:remoteref) refs/heads/master refs/remotes/master [1ms]
2023-08-07 17:19:08.388 [info] > git status -z -uall [1ms]
2023-08-07 17:21:29.860 [info] > git show --textconv HEAD:Recipies/lasagna.html [5ms]
2023-08-07 17:21:29.861 [info] > git ls-tree -l HEAD -- /home/sesclv/repos/odin-recipies/Recipies/lasagna.html [2ms]
2023-08-07 17:21:29.861 [info] fatal: Not a valid object name HEAD
2023-08-07 17:21:52.727 [info] > git config --get commit.template [2ms]
2023-08-07 17:21:52.740 [info] > git for-each-ref --format=%(refname)%00%(upstream:short)%00%(objectname)%00%(upstream:track)%00%(upstream:remotename)%00%(upstream:remoteref) refs/heads/master refs/remotes/master [3ms]
2023-08-07 17:21:52.752 [info] > git status -z -uall [3ms]
2023-08-07 17:22:34.875 [info] > git show --textconv :.vscode/launch.json [5ms]
2023-08-07 17:22:34.876 [info] > git ls-files --stage -- /home/sesclv/repos/odin-recipies/.vscode/launch.json [2ms]
2023-08-07 17:22:35.135 [info] > git check-ignore -v -z --stdin [7ms]
2023-08-07 17:22:35.681 [info] > git config --get commit.template [15ms]
2023-08-07 17:22:35.682 [info] > git for-each-ref --format=%(refname)%00%(upstream:short)%00%(objectname)%00%(upstream:track)%00%(upstream:remotename)%00%(upstream:remoteref) refs/heads/master refs/remotes/master [6ms]
2023-08-07 17:22:35.691 [info] > git status -z -uall [1ms]
2023-08-07 17:23:45.912 [info] > git show --textconv :.vscode/launch.json [11ms]
2023-08-07 17:23:45.914 [info] > git ls-files --stage -- /home/sesclv/repos/odin-recipies/.vscode/launch.json [4ms]
2023-08-07 17:38:58.136 [info] > git config --get commit.template [10ms]
2023-08-07 17:38:58.137 [info] > git for-each-ref --format=%(refname)%00%(upstream:short)%00%(objectname)%00%(upstream:track)%00%(upstream:remotename)%00%(upstream:remoteref) refs/heads/master refs/remotes/master [2ms]
2023-08-07 17:38:58.142 [info] > git status -z -uall [1ms]
2023-08-07 17:39:51.677 [info] > git show --textconv :.vscode/launch.json [8ms]
2023-08-07 17:39:51.681 [info] > git ls-files --stage -- /home/sesclv/repos/odin-recipies/.vscode/launch.json [7ms]
