2023-08-06 20:33:41.991 [info] update#setState idle
2023-08-06 20:34:11.991 [info] update#setState checking for updates
2023-08-06 20:34:12.044 [info] update#setState idle
2023-08-07 16:37:37.877 [info] update#setState checking for updates
2023-08-07 16:37:37.890 [error] Error: net::ERR_NETWORK_CHANGED
    at SimpleURLLoaderWrapper.<anonymous> (node:electron/js2c/browser_init:2:49312)
    at SimpleURLLoaderWrapper.emit (node:events:513:28)
2023-08-07 16:37:37.893 [info] update#setState idle
2023-08-07 17:14:29.617 [error] [UtilityProcessWorker]: terminated unexpectedly with code 15, signal: unknown
2023-08-07 17:14:29.620 [error] [UtilityProcess id: 1, type: fileWatcher, pid: 2590]: crashed with code 15 and reason 'killed'
2023-08-07 17:14:29.624 [info] Extension host with pid 2626 exited with code: 0, signal: unknown.
2023-08-07 17:18:43.064 [info] Extension host with pid 3322 exited with code: 0, signal: unknown.
2023-08-07 17:37:37.696 [info] update#setState checking for updates
2023-08-07 17:37:37.856 [info] update#setState idle
2023-08-08 16:46:52.808 [warning] No ptyHost heartbeat after 6 seconds
2023-08-08 16:46:52.816 [info] update#setState checking for updates
2023-08-08 16:46:53.069 [error] Error: net::ERR_NETWORK_CHANGED
    at SimpleURLLoaderWrapper.<anonymous> (node:electron/js2c/browser_init:2:49312)
    at SimpleURLLoaderWrapper.emit (node:events:513:28)
2023-08-08 16:46:53.069 [info] update#setState idle
2023-08-08 17:09:35.958 [info] Extension host with pid 3042 exited with code: 0, signal: unknown.
