2023-08-07 16:37:44.586 [error] [uncaught exception in sharedProcess]: net::ERR_NETWORK_CHANGED: Error: net::ERR_NETWORK_CHANGED
    at SimpleURLLoaderWrapper.<anonymous> (node:electron/js2c/browser_init:2:49312)
    at SimpleURLLoaderWrapper.emit (node:events:513:28)
2023-08-07 17:21:56.300 [error] [uncaught exception in sharedProcess]: Cannot read properties of undefined (reading 'then'): TypeError: Cannot read properties of undefined (reading 'then')
    at w.s (/usr/share/code/resources/app/out/vs/code/node/sharedProcess/sharedProcessMain.js:26:4767)
    at w.q (/usr/share/code/resources/app/out/vs/code/node/sharedProcess/sharedProcessMain.js:26:4182)
    at c.value (/usr/share/code/resources/app/out/vs/code/node/sharedProcess/sharedProcessMain.js:26:3578)
    at y.w (/usr/share/code/resources/app/out/vs/code/node/sharedProcess/sharedProcessMain.js:21:1902)
    at y.x (/usr/share/code/resources/app/out/vs/code/node/sharedProcess/sharedProcessMain.js:21:1972)
    at y.fire (/usr/share/code/resources/app/out/vs/code/node/sharedProcess/sharedProcessMain.js:21:2188)
    at MessagePortMain.se (/usr/share/code/resources/app/out/vs/code/node/sharedProcess/sharedProcessMain.js:19:40508)
    at MessagePortMain.emit (node:events:513:28)
    at MessagePortMain._internalPort.emit (node:electron/js2c/utility_init:2:367)
2023-08-07 17:22:22.652 [info] Getting Manifest... wscats.cors-browser
2023-08-07 17:22:22.659 [info] Installing extension: wscats.cors-browser
2023-08-07 17:22:24.380 [info] Extension signature is verified: wscats.cors-browser
2023-08-07 17:22:24.489 [info] Extracted extension to file:///home/sesclv/.vscode/extensions/wscats.cors-browser-1.0.11: wscats.cors-browser
2023-08-07 17:22:24.500 [info] Renamed to /home/sesclv/.vscode/extensions/wscats.cors-browser-1.0.11
2023-08-07 17:22:24.502 [info] Extracting extension completed. wscats.cors-browser
2023-08-07 17:22:24.515 [info] Extension installed successfully: wscats.cors-browser
2023-08-07 17:22:47.290 [error] [uncaught exception in sharedProcess]: Cannot read properties of undefined (reading 'then'): TypeError: Cannot read properties of undefined (reading 'then')
    at w.s (/usr/share/code/resources/app/out/vs/code/node/sharedProcess/sharedProcessMain.js:26:4767)
    at w.q (/usr/share/code/resources/app/out/vs/code/node/sharedProcess/sharedProcessMain.js:26:4182)
    at c.value (/usr/share/code/resources/app/out/vs/code/node/sharedProcess/sharedProcessMain.js:26:3578)
    at y.w (/usr/share/code/resources/app/out/vs/code/node/sharedProcess/sharedProcessMain.js:21:1902)
    at y.x (/usr/share/code/resources/app/out/vs/code/node/sharedProcess/sharedProcessMain.js:21:1972)
    at y.fire (/usr/share/code/resources/app/out/vs/code/node/sharedProcess/sharedProcessMain.js:21:2188)
    at MessagePortMain.se (/usr/share/code/resources/app/out/vs/code/node/sharedProcess/sharedProcessMain.js:19:40508)
    at MessagePortMain.emit (node:events:513:28)
    at MessagePortMain._internalPort.emit (node:electron/js2c/utility_init:2:367)
2023-08-07 17:23:43.403 [error] [uncaught exception in sharedProcess]: Cannot read properties of undefined (reading 'then'): TypeError: Cannot read properties of undefined (reading 'then')
    at w.s (/usr/share/code/resources/app/out/vs/code/node/sharedProcess/sharedProcessMain.js:26:4767)
    at w.q (/usr/share/code/resources/app/out/vs/code/node/sharedProcess/sharedProcessMain.js:26:4182)
    at c.value (/usr/share/code/resources/app/out/vs/code/node/sharedProcess/sharedProcessMain.js:26:3578)
    at y.w (/usr/share/code/resources/app/out/vs/code/node/sharedProcess/sharedProcessMain.js:21:1902)
    at y.x (/usr/share/code/resources/app/out/vs/code/node/sharedProcess/sharedProcessMain.js:21:1972)
    at y.fire (/usr/share/code/resources/app/out/vs/code/node/sharedProcess/sharedProcessMain.js:21:2188)
    at MessagePortMain.se (/usr/share/code/resources/app/out/vs/code/node/sharedProcess/sharedProcessMain.js:19:40508)
    at MessagePortMain.emit (node:events:513:28)
    at MessagePortMain._internalPort.emit (node:electron/js2c/utility_init:2:367)
2023-08-07 17:24:01.548 [error] [uncaught exception in sharedProcess]: Cannot read properties of undefined (reading 'then'): TypeError: Cannot read properties of undefined (reading 'then')
    at w.s (/usr/share/code/resources/app/out/vs/code/node/sharedProcess/sharedProcessMain.js:26:4767)
    at w.q (/usr/share/code/resources/app/out/vs/code/node/sharedProcess/sharedProcessMain.js:26:4182)
    at c.value (/usr/share/code/resources/app/out/vs/code/node/sharedProcess/sharedProcessMain.js:26:3578)
    at y.w (/usr/share/code/resources/app/out/vs/code/node/sharedProcess/sharedProcessMain.js:21:1902)
    at y.x (/usr/share/code/resources/app/out/vs/code/node/sharedProcess/sharedProcessMain.js:21:1972)
    at y.fire (/usr/share/code/resources/app/out/vs/code/node/sharedProcess/sharedProcessMain.js:21:2188)
    at MessagePortMain.se (/usr/share/code/resources/app/out/vs/code/node/sharedProcess/sharedProcessMain.js:19:40508)
    at MessagePortMain.emit (node:events:513:28)
    at MessagePortMain._internalPort.emit (node:electron/js2c/utility_init:2:367)
2023-08-07 17:38:55.600 [error] [uncaught exception in sharedProcess]: Cannot read properties of undefined (reading 'then'): TypeError: Cannot read properties of undefined (reading 'then')
    at w.s (/usr/share/code/resources/app/out/vs/code/node/sharedProcess/sharedProcessMain.js:26:4767)
    at w.q (/usr/share/code/resources/app/out/vs/code/node/sharedProcess/sharedProcessMain.js:26:4182)
    at c.value (/usr/share/code/resources/app/out/vs/code/node/sharedProcess/sharedProcessMain.js:26:3578)
    at y.w (/usr/share/code/resources/app/out/vs/code/node/sharedProcess/sharedProcessMain.js:21:1902)
    at y.x (/usr/share/code/resources/app/out/vs/code/node/sharedProcess/sharedProcessMain.js:21:1972)
    at y.fire (/usr/share/code/resources/app/out/vs/code/node/sharedProcess/sharedProcessMain.js:21:2188)
    at MessagePortMain.se (/usr/share/code/resources/app/out/vs/code/node/sharedProcess/sharedProcessMain.js:19:40508)
    at MessagePortMain.emit (node:events:513:28)
    at MessagePortMain._internalPort.emit (node:electron/js2c/utility_init:2:367)
2023-08-08 16:46:58.752 [error] [uncaught exception in sharedProcess]: net::ERR_NETWORK_CHANGED: Error: net::ERR_NETWORK_CHANGED
    at SimpleURLLoaderWrapper.<anonymous> (node:electron/js2c/browser_init:2:49312)
    at SimpleURLLoaderWrapper.emit (node:events:513:28)
