2023-08-08 17:09:45.023 [info] Reading sessions from keychain...
2023-08-08 17:09:45.023 [info] Getting sessions for all scopes...
2023-08-08 17:09:45.024 [info] Getting sessions for user:email...
2023-08-08 17:09:45.025 [info] Got 0 sessions for ...
2023-08-08 17:09:45.025 [info] Got 0 sessions for user:email...
2023-08-08 17:09:45.025 [info] Getting sessions for read:user,repo,user:email,workflow...
2023-08-08 17:09:45.025 [info] Got 0 sessions for read:user,repo,user:email,workflow...
2023-08-08 17:09:45.229 [info] Getting sessions for all scopes...
2023-08-08 17:09:45.229 [info] Got 0 sessions for ...
2023-08-08 17:10:30.701 [info] Getting sessions for read:user,repo,user:email,workflow...
2023-08-08 17:10:30.701 [info] Got 0 sessions for read:user,repo,user:email,workflow...
2023-08-08 17:10:33.361 [info] Logging in for the following scopes: read:user repo user:email workflow
2023-08-08 17:10:33.367 [info] Trying without local server... (read:user repo user:email workflow)
2023-08-08 17:11:17.549 [info] Exchanging code for token...
2023-08-08 17:11:17.872 [info] Token exchange success!
2023-08-08 17:11:17.875 [info] Getting user info...
2023-08-08 17:11:18.287 [info] Got account info!
2023-08-08 17:11:18.288 [info] Storing 1 sessions...
2023-08-08 17:11:55.491 [info] Reading sessions from keychain...
2023-08-08 17:11:55.491 [info] Stored 1 sessions!
2023-08-08 17:11:55.492 [info] Login success!
2023-08-08 17:11:55.498 [info] Getting sessions for user:email...
2023-08-08 17:11:55.543 [info] Got stored sessions!
2023-08-08 17:11:55.543 [info] Got 1 verified sessions.
2023-08-08 17:11:55.543 [info] Got 0 sessions for user:email...
2023-08-08 17:11:55.870 [info] Getting sessions for read:user,repo,user:email,workflow...
2023-08-08 17:11:55.871 [info] Got 1 sessions for read:user,repo,user:email,workflow...
2023-08-08 17:14:51.045 [info] Reading sessions from keychain...
2023-08-08 17:14:51.045 [info] Getting sessions for all scopes...
2023-08-08 17:14:51.045 [info] Getting sessions for user:email...
2023-08-08 17:14:51.058 [info] Got stored sessions!
2023-08-08 17:14:51.058 [info] Got 1 verified sessions.
2023-08-08 17:14:51.059 [info] Got 1 sessions for ...
2023-08-08 17:14:51.059 [info] Got 0 sessions for user:email...
2023-08-08 17:14:51.095 [info] Getting sessions for all scopes...
2023-08-08 17:14:51.095 [info] Got 1 sessions for ...
2023-08-08 17:14:51.110 [info] Getting sessions for all scopes...
2023-08-08 17:14:51.110 [info] Got 1 sessions for ...
2023-08-08 17:15:20.946 [info] Reading sessions from keychain...
2023-08-08 17:15:20.949 [info] Getting sessions for all scopes...
2023-08-08 17:15:20.950 [info] Getting sessions for user:email...
2023-08-08 17:15:20.958 [info] Got stored sessions!
2023-08-08 17:15:20.958 [info] Got 1 verified sessions.
2023-08-08 17:15:20.958 [info] Got 1 sessions for ...
2023-08-08 17:15:20.958 [info] Got 0 sessions for user:email...
2023-08-08 17:15:21.059 [info] Getting sessions for all scopes...
2023-08-08 17:15:21.059 [info] Got 1 sessions for ...
2023-08-08 17:15:21.072 [info] Getting sessions for all scopes...
2023-08-08 17:15:21.072 [info] Got 1 sessions for ...
2023-08-08 17:16:31.228 [info] Getting sessions for user:email...
2023-08-08 17:16:31.228 [info] Got 0 sessions for user:email...
2023-08-08 17:16:33.248 [info] Logging in for the following scopes: user:email
2023-08-08 17:16:33.252 [info] Trying without local server... (user:email)
2023-08-08 17:16:43.652 [info] Exchanging code for token...
2023-08-08 17:16:43.958 [info] Token exchange success!
2023-08-08 17:16:43.961 [info] Getting user info...
2023-08-08 17:16:44.305 [info] Got account info!
2023-08-08 17:16:44.306 [info] Storing 2 sessions...
2023-08-08 17:16:44.312 [info] Reading sessions from keychain...
2023-08-08 17:16:44.312 [info] Stored 2 sessions!
2023-08-08 17:16:44.312 [info] Login success!
2023-08-08 17:16:44.315 [info] Getting sessions for user:email...
2023-08-08 17:16:44.317 [info] Getting sessions for user:email...
2023-08-08 17:16:44.318 [info] Got stored sessions!
2023-08-08 17:16:44.318 [info] Got 2 verified sessions.
2023-08-08 17:16:44.318 [info] Got 1 sessions for user:email...
2023-08-08 17:16:44.318 [info] Got 1 sessions for user:email...
2023-08-08 17:20:50.803 [info] Getting sessions for read:user,repo,user:email,workflow...
2023-08-08 17:20:50.803 [info] Got 1 sessions for read:user,repo,user:email,workflow...
2023-08-08 17:21:03.312 [info] Getting sessions for read:user,repo,user:email,workflow...
2023-08-08 17:21:03.312 [info] Got 1 sessions for read:user,repo,user:email,workflow...
2023-08-08 17:29:55.699 [info] Reading sessions from keychain...
2023-08-08 17:29:55.699 [info] Getting sessions for all scopes...
2023-08-08 17:29:55.699 [info] Getting sessions for user:email...
2023-08-08 17:29:55.699 [info] Got stored sessions!
2023-08-08 17:29:55.699 [info] Got 2 verified sessions.
2023-08-08 17:29:55.699 [info] Got 2 sessions for ...
2023-08-08 17:29:55.699 [info] Got 1 sessions for user:email...
2023-08-08 17:29:55.706 [info] Getting sessions for all scopes...
2023-08-08 17:29:55.707 [info] Got 2 sessions for ...
2023-08-08 17:29:55.738 [info] Getting sessions for all scopes...
2023-08-08 17:29:55.738 [info] Got 2 sessions for ...
2023-08-08 17:33:15.508 [info] Reading sessions from keychain...
2023-08-08 17:33:15.508 [info] Getting sessions for all scopes...
2023-08-08 17:33:15.508 [info] Got stored sessions!
2023-08-08 17:33:15.508 [info] Got 2 verified sessions.
2023-08-08 17:33:15.508 [info] Got 2 sessions for ...
2023-08-08 17:33:15.508 [info] Getting sessions for user:email...
2023-08-08 17:33:15.508 [info] Got 1 sessions for user:email...
2023-08-08 17:33:15.526 [info] Getting sessions for read:user,repo,user:email,workflow...
2023-08-08 17:33:15.526 [info] Got 1 sessions for read:user,repo,user:email,workflow...
2023-08-08 17:33:15.546 [info] Getting sessions for all scopes...
2023-08-08 17:33:15.546 [info] Got 2 sessions for ...
2023-08-08 17:33:15.634 [info] Getting sessions for all scopes...
2023-08-08 17:33:15.634 [info] Got 2 sessions for ...
2023-08-08 17:33:15.977 [info] Getting sessions for read:user,repo,user:email,workflow...
2023-08-08 17:33:15.977 [info] Got 1 sessions for read:user,repo,user:email,workflow...
2023-08-09 17:19:37.746 [info] Reading sessions from keychain...
2023-08-09 17:19:37.746 [info] Getting sessions for all scopes...
2023-08-09 17:19:37.746 [info] Getting sessions for user:email...
2023-08-09 17:19:37.753 [info] Got stored sessions!
2023-08-09 17:19:37.753 [info] Got 2 verified sessions.
2023-08-09 17:19:37.753 [info] Got 2 sessions for ...
2023-08-09 17:19:37.753 [info] Got 1 sessions for user:email...
2023-08-09 17:19:37.818 [info] Getting sessions for all scopes...
2023-08-09 17:19:37.818 [info] Got 2 sessions for ...
2023-08-09 17:20:13.863 [info] Reading sessions from keychain...
2023-08-09 17:20:13.863 [info] Getting sessions for all scopes...
2023-08-09 17:20:13.863 [info] Getting sessions for user:email...
2023-08-09 17:20:13.863 [info] Got stored sessions!
2023-08-09 17:20:13.863 [info] Got 2 verified sessions.
2023-08-09 17:20:13.863 [info] Got 2 sessions for ...
2023-08-09 17:20:13.863 [info] Got 1 sessions for user:email...
2023-08-09 17:20:13.863 [info] Getting sessions for all scopes...
2023-08-09 17:20:13.863 [info] Got 2 sessions for ...
2023-08-09 17:20:14.087 [info] Getting sessions for read:user,repo,user:email,workflow...
2023-08-09 17:20:14.087 [info] Got 1 sessions for read:user,repo,user:email,workflow...
2023-08-09 17:20:14.154 [info] Getting sessions for all scopes...
2023-08-09 17:20:14.154 [info] Got 2 sessions for ...
2023-08-09 17:20:14.631 [info] Getting sessions for read:user,repo,user:email,workflow...
2023-08-09 17:20:14.632 [info] Got 1 sessions for read:user,repo,user:email,workflow...
