2023-08-06 20:33:45.591 [info] [perf] Render performance baseline is 50ms
2023-08-07 17:14:32.888 [info] [perf] Render performance baseline is 50ms
2023-08-07 17:21:55.975 [error] [Extension Host] grep: /usr/bin/X11: warning: recursive directory loop
2023-08-07 17:21:56.106 [error] [Extension Host] grep: /usr/bin/X11: warning: recursive directory loop
2023-08-07 17:21:56.281 [error] [Extension Host] grep: /usr/bin/X11: warning: recursive directory loop
2023-08-07 17:22:47.027 [error] [Extension Host] grep: /usr/bin/X11: warning: recursive directory loop
2023-08-07 17:22:47.156 [error] [Extension Host] grep: /usr/bin/X11: warning: recursive directory loop
2023-08-07 17:22:47.277 [error] [Extension Host] grep: /usr/bin/X11: warning: recursive directory loop
2023-08-07 17:23:02.059 [error] Unable to read file '/home/sesclv/repos/odin-recipies/.vscode/launch.json' (Error: File not modified since): Error: Unable to read file '/home/sesclv/repos/odin-recipies/.vscode/launch.json' (Error: File not modified since)
    at o.w (vscode-file://vscode-app/usr/share/code/resources/app/out/vs/workbench/workbench.desktop.main.js:627:16316)
    at o.v (vscode-file://vscode-app/usr/share/code/resources/app/out/vs/workbench/workbench.desktop.main.js:627:16204)
    at async b.H (vscode-file://vscode-app/usr/share/code/resources/app/out/vs/workbench/workbench.desktop.main.js:2319:36931)
    at async b.readStream (vscode-file://vscode-app/usr/share/code/resources/app/out/vs/workbench/workbench.desktop.main.js:2319:36685)
    at async er.zb (vscode-file://vscode-app/usr/share/code/resources/app/out/vs/workbench/workbench.desktop.main.js:2308:29120)
    at async er.resolve (vscode-file://vscode-app/usr/share/code/resources/app/out/vs/workbench/workbench.desktop.main.js:2308:27567)
    at async vscode-file://vscode-app/usr/share/code/resources/app/out/vs/workbench/workbench.desktop.main.js:2319:32834
2023-08-07 17:23:43.151 [error] [Extension Host] grep: /usr/bin/X11: warning: recursive directory loop
2023-08-07 17:23:43.281 [error] [Extension Host] grep: /usr/bin/X11: warning: recursive directory loop
2023-08-07 17:23:43.400 [error] [Extension Host] grep: /usr/bin/X11: warning: recursive directory loop
2023-08-07 17:24:01.290 [error] [Extension Host] grep: /usr/bin/X11: warning: recursive directory loop
2023-08-07 17:24:01.415 [error] [Extension Host] grep: /usr/bin/X11: warning: recursive directory loop
2023-08-07 17:24:01.535 [error] [Extension Host] grep: /usr/bin/X11: warning: recursive directory loop
2023-08-07 17:38:55.357 [error] [Extension Host] grep: /usr/bin/X11: warning: recursive directory loop
2023-08-07 17:38:55.479 [error] [Extension Host] grep: /usr/bin/X11: warning: recursive directory loop
2023-08-07 17:38:55.598 [error] [Extension Host] grep: /usr/bin/X11: warning: recursive directory loop
