2023-08-06 20:33:42.749 [info] Added views:workbench.panel.markers.view in workbench.panel.markers
2023-08-06 20:33:42.749 [info] Added views:workbench.panel.output in workbench.panel.output
2023-08-06 20:33:42.749 [info] Added views:terminal in terminal
2023-08-06 20:33:42.749 [info] Added views:outline in workbench.view.explorer
2023-08-06 20:33:42.749 [info] Added views:workbench.scm in workbench.view.scm
2023-08-06 20:33:42.749 [info] Added views:workbench.view.search in workbench.view.search
2023-08-06 20:33:42.749 [info] Added views:timeline in workbench.view.explorer
2023-08-06 20:33:42.749 [info] Added views:workbench.explorer.emptyView in workbench.view.explorer
2023-08-06 20:33:43.197 [info] Added views:workbench.debug.welcome in workbench.view.debug
2023-08-06 20:33:43.383 [info] Added views:workbench.panel.repl.view in workbench.panel.repl
2023-08-07 17:14:30.110 [info] Added views:workbench.panel.markers.view in workbench.panel.markers
2023-08-07 17:14:30.110 [info] Added views:workbench.panel.output in workbench.panel.output
2023-08-07 17:14:30.110 [info] Added views:terminal in terminal
2023-08-07 17:14:30.110 [info] Added views:outline in workbench.view.explorer
2023-08-07 17:14:30.110 [info] Added views:workbench.scm in workbench.view.scm
2023-08-07 17:14:30.110 [info] Added views:workbench.view.search in workbench.view.search
2023-08-07 17:14:30.110 [info] Added views:timeline in workbench.view.explorer
2023-08-07 17:14:30.110 [info] Added views:workbench.explorer.fileView in workbench.view.explorer
2023-08-07 17:14:30.544 [info] Added views:workbench.debug.variablesView,workbench.debug.watchExpressionsView,workbench.debug.callStackView,workbench.debug.breakPointsView in workbench.view.debug
2023-08-07 17:14:30.574 [info] Added views:workbench.panel.repl.view in workbench.panel.repl
2023-08-07 17:14:30.576 [info] Removed views:workbench.debug.breakPointsView,workbench.debug.callStackView,workbench.debug.watchExpressionsView,workbench.debug.variablesView from workbench.view.debug
2023-08-07 17:14:30.577 [info] Added views:workbench.debug.welcome in workbench.view.debug
2023-08-07 17:21:51.787 [info] Added views:workbench.debug.breakPointsView in workbench.view.debug
2023-08-07 17:22:16.414 [info] Added views:workbench.views.extensions.installed,workbench.views.extensions.popular,extensions.recommendedList in workbench.view.extensions
2023-08-07 17:22:16.417 [info] Removed views:workbench.views.extensions.popular from workbench.view.extensions
2023-08-07 17:22:16.664 [info] Added views:workbench.views.extensions.popular in workbench.view.extensions
2023-08-07 17:22:16.989 [info] Removed views:extensions.recommendedList,workbench.views.extensions.popular,workbench.views.extensions.installed from workbench.view.extensions
2023-08-07 17:22:17.010 [info] Added views:workbench.views.extensions.marketplace in workbench.view.extensions
2023-08-07 17:22:34.773 [info] Removed views:workbench.debug.welcome from workbench.view.debug
2023-08-07 17:22:34.828 [info] Added views:workbench.debug.variablesView,workbench.debug.watchExpressionsView,workbench.debug.callStackView in workbench.view.debug
