2023-08-08 17:09:45.130 [info] Reading sessions from secret storage...
2023-08-08 17:09:45.186 [info] Got 0 stored sessions
2023-08-08 17:09:45.213 [info] Getting sessions for all scopes...
2023-08-08 17:09:45.213 [info] Got 0 sessions for all scopes...
2023-08-08 17:09:45.214 [info] Getting sessions for the following scopes: email offline_access openid profile
2023-08-08 17:09:45.214 [info] Got 0 sessions for scopes: email offline_access openid profile
2023-08-08 17:11:55.545 [info] Getting sessions for the following scopes: email offline_access openid profile
2023-08-08 17:11:55.545 [info] Got 0 sessions for scopes: email offline_access openid profile
2023-08-08 17:14:51.098 [info] Reading sessions from secret storage...
2023-08-08 17:14:51.098 [info] Got 0 stored sessions
2023-08-08 17:14:51.101 [info] Getting sessions for all scopes...
2023-08-08 17:14:51.101 [info] Got 0 sessions for all scopes...
2023-08-08 17:14:51.101 [info] Getting sessions for the following scopes: email offline_access openid profile
2023-08-08 17:14:51.101 [info] Got 0 sessions for scopes: email offline_access openid profile
2023-08-08 17:15:21.070 [info] Reading sessions from secret storage...
2023-08-08 17:15:21.070 [info] Got 0 stored sessions
2023-08-08 17:15:21.070 [info] Getting sessions for all scopes...
2023-08-08 17:15:21.070 [info] Got 0 sessions for all scopes...
2023-08-08 17:15:21.070 [info] Getting sessions for the following scopes: email offline_access openid profile
2023-08-08 17:15:21.070 [info] Got 0 sessions for scopes: email offline_access openid profile
2023-08-08 17:16:31.233 [info] Getting sessions for the following scopes: email offline_access openid profile
2023-08-08 17:16:31.234 [info] Got 0 sessions for scopes: email offline_access openid profile
2023-08-08 17:16:44.320 [info] Getting sessions for the following scopes: email offline_access openid profile
2023-08-08 17:16:44.320 [info] Got 0 sessions for scopes: email offline_access openid profile
2023-08-08 17:16:44.320 [info] Getting sessions for the following scopes: email offline_access openid profile
2023-08-08 17:16:44.320 [info] Got 0 sessions for scopes: email offline_access openid profile
2023-08-08 17:29:55.736 [info] Reading sessions from secret storage...
2023-08-08 17:29:55.736 [info] Got 0 stored sessions
2023-08-08 17:29:55.737 [info] Getting sessions for all scopes...
2023-08-08 17:29:55.737 [info] Got 0 sessions for all scopes...
2023-08-08 17:29:55.738 [info] Getting sessions for the following scopes: email offline_access openid profile
2023-08-08 17:29:55.738 [info] Got 0 sessions for scopes: email offline_access openid profile
2023-08-08 17:33:15.625 [info] Reading sessions from secret storage...
2023-08-08 17:33:15.625 [info] Got 0 stored sessions
2023-08-08 17:33:15.633 [info] Getting sessions for all scopes...
2023-08-08 17:33:15.633 [info] Got 0 sessions for all scopes...
2023-08-08 17:33:15.634 [info] Getting sessions for the following scopes: email offline_access openid profile
2023-08-08 17:33:15.634 [info] Got 0 sessions for scopes: email offline_access openid profile
2023-08-09 17:19:37.784 [info] Reading sessions from secret storage...
2023-08-09 17:19:37.784 [info] Got 0 stored sessions
2023-08-09 17:19:37.789 [info] Getting sessions for all scopes...
2023-08-09 17:19:37.789 [info] Got 0 sessions for all scopes...
2023-08-09 17:19:37.790 [info] Getting sessions for the following scopes: email offline_access openid profile
2023-08-09 17:19:37.790 [info] Got 0 sessions for scopes: email offline_access openid profile
2023-08-09 17:20:13.999 [info] Reading sessions from secret storage...
2023-08-09 17:20:14.004 [info] Got 0 stored sessions
2023-08-09 17:20:14.010 [info] Getting sessions for all scopes...
2023-08-09 17:20:14.010 [info] Got 0 sessions for all scopes...
2023-08-09 17:20:14.018 [info] Getting sessions for the following scopes: email offline_access openid profile
2023-08-09 17:20:14.018 [info] Got 0 sessions for scopes: email offline_access openid profile
